<?xml version="1.0" encoding="UTF-8"?>
<!-- Generated by org.testng.reporters.JUnitXMLReporter -->
<testsuite ignored="0" hostname="DESKTOP-ALAN" failures="0" tests="1" name="chrometest" time="2.6" errors="0" timestamp="2025-07-23T16:19:56 IST">
  <testcase classname="automationcore.Base" name="@BeforeMethod initializebrowser" time="2.486">
    <failure type="java.lang.IllegalMonitorStateException" message="current thread is not owner">
      <![CDATA[java.lang.IllegalMonitorStateException: current thread is not owner
at java.base/java.lang.Object.wait0(Native Method)
at java.base/java.lang.Object.wait(Object.java:366)
at java.base/java.lang.Object.wait(Object.java:339)
at utilities.Waitutilities.setImplicitWait(Waitutilities.java:45)
at automationcore.Base.initializebrowser(Base.java:52)
at java.base/java.util.ArrayList.forEach(ArrayList.java:1596)
... Removed 29 stack frames]]>
    </failure>
  </testcase> <!-- @BeforeMethod initializebrowser -->
  <testcase classname="automationcore.Base" name="@AfterMethod driverQuit" time="0.0">
    <skipped/>
  </testcase> <!-- @AfterMethod driverQuit -->
  <testcase classname="testscripts.Hometest" name="logouttest" time="0.0">
    <skipped/>
  </testcase> <!-- logouttest -->
</testsuite> <!-- chrometest -->
