<?xml version="1.0" encoding="UTF-8"?>
<!-- Generated by org.testng.reporters.JUnitXMLReporter -->
<testsuite ignored="0" hostname="DESKTOP-ALAN" failures="0" tests="3" name="firefoxtest" time="11.839" errors="0" timestamp="2025-07-23T16:20:08 IST">
  <testcase classname="testscripts.Logintest" name="loginwithexcelread" time="0.0">
    <skipped/>
  </testcase> <!-- loginwithexcelread -->
  <testcase classname="testscripts.Logintest" name="veriyloginwithvalidcredentials" time="0.0">
    <skipped/>
  </testcase> <!-- veriyloginwithvalidcredentials -->
  <testcase classname="testscripts.Hometest" name="logouttest" time="0.0">
    <skipped/>
  </testcase> <!-- logouttest -->
</testsuite> <!-- firefoxtest -->
