<?xml version="1.0" encoding="UTF-8"?>
<!-- Generated by org.testng.reporters.JUnitXMLReporter -->
<testsuite ignored="0" hostname="DESKTOP-ALAN" failures="0" tests="4" name="Test" time="30.513" errors="0" timestamp="2025-08-16T17:04:48 IST">
  <testcase classname="testscripts.Logintest" name="verifyUserLoginWithIncorrectUsernameWithCorrectPassword" time="2.116"/>
  <testcase classname="testscripts.Logintest" name="verifyUserLoginWithIncorrectUsernameWithInCorrectPassword" time="0.669"/>
  <testcase classname="testscripts.Logintest" name="verifyUserloginwithValidCredentials" time="0.945"/>
  <testcase classname="testscripts.Logintest" name="veriyloginwithvalidusernameandinvalidpwd" time="1.474"/>
</testsuite> <!-- Test -->
