<?xml version="1.0" encoding="UTF-8"?>
<!-- Generated by org.testng.reporters.JUnitXMLReporter -->
<testsuite ignored="0" hostname="DESKTOP-ALAN" failures="0" tests="10" name="Test" time="114.958" errors="0" timestamp="2025-08-30T09:15:10 IST">
  <testcase classname="testscripts.CategoryTest" name="addnewcategory" time="5.884"/>
  <testcase classname="testscripts.CategoryTest" name="searchcategory" time="2.008"/>
  <testcase classname="testscripts.CategoryTest" name="Editcategory" time="2.934"/>
  <testcase classname="testscripts.CategoryTest" name="Deletecategory" time="2.018"/>
  <testcase classname="testscripts.Hometest" name="verifyUserIsAbletoSuccessfullyLogout" time="3.226"/>
  <testcase classname="testscripts.Logintest" name="verifyUserLoginWithIncorrectUsernameWithCorrectPassword" time="2.68"/>
  <testcase classname="testscripts.Logintest" name="verifyUserLoginWithIncorrectUsernameWithInCorrectPassword" time="0.854"/>
  <testcase classname="testscripts.Logintest" name="verifyUserloginwithValidCredentials" time="1.838"/>
  <testcase classname="testscripts.Logintest" name="veriyloginwithvalidusernameandinvalidpwd" time="0.925"/>
  <testcase classname="testscripts.Managenewstest" name="addnewnews" time="5.072"/>
</testsuite> <!-- Test -->
