<?xml version="1.0" encoding="UTF-8"?>
<!-- Generated by org.testng.reporters.JUnitXMLReporter -->
<testsuite ignored="0" hostname="DESKTOP-ALAN" failures="0" tests="5" name="firefoxtest" time="43.773" errors="0" timestamp="2025-08-02T17:21:02 IST">
  <testcase classname="testscripts.Logintest" name="loginwithexcelread" time="0.001">
    <skipped/>
  </testcase> <!-- loginwithexcelread -->
  <testcase classname="testscripts.Logintest" name="verifyUserLoginWithIncorrectUsernameWithCorrectPassword" time="0.0">
    <skipped/>
  </testcase> <!-- verifyUserLoginWithIncorrectUsernameWithCorrectPassword -->
  <testcase classname="testscripts.Logintest" name="veriyloginwithvalidcredentials" time="0.0">
    <skipped/>
  </testcase> <!-- veriyloginwithvalidcredentials -->
  <testcase classname="testscripts.Logintest" name="veriyloginwithvalidusernameandinvalidpwd" time="0.0">
    <skipped/>
  </testcase> <!-- veriyloginwithvalidusernameandinvalidpwd -->
  <testcase classname="testscripts.Hometest" name="logouttest" time="0.001">
    <skipped/>
  </testcase> <!-- logouttest -->
</testsuite> <!-- firefoxtest -->
